Using pre-set license
Built from '2020.3/staging' branch; Version is '2020.3.19f1 (68f137dc9bbe) revision 6877495'; Using compiler version '192528614'; Build Type 'Release'
OS: 'Windows 10 Pro; OS build 19042.1288; Version 2009; 64bit' Language: 'tr' Physical Memory: 16269 MB
BatchMode: 1, IsHumanControllingUs: 0, StartBugReporterOnCrash: 0, Is64bit: 1, IsPro: 0

COMMAND LINE ARGUMENTS:
D:\Program Files\2020.3.19f1\Editor\Unity.exe
-adb2
-batchMode
-noUpm
-name
AssetImportWorker0
-projectPath
D:/Unity/PoliceCar
-logFile
Logs/AssetImportWorker0.log
-srvPort
52722
Successfully changed project path to: D:/Unity/PoliceCar
D:/Unity/PoliceCar
Using Asset Import Pipeline V2.
Refreshing native plugins compatible for Editor in 72.53 ms, found 5 plugins.
Preloading 0 native plugins for Editor in 0.00 ms.
Initialize engine version: 2020.3.19f1 (68f137dc9bbe)
[Subsystems] Discovering subsystems at path D:/Program Files/2020.3.19f1/Editor/Data/Resources/UnitySubsystems
[Subsystems] Discovering subsystems at path D:/Unity/PoliceCar/Assets
GfxDevice: creating device client; threaded=0
Direct3D:
    Version:  Direct3D 11.0 [level 11.1]
    Renderer: NVIDIA GeForce MX150 (ID=0x1d10)
    Vendor:   
    VRAM:     1983 MB
    Driver:   30.0.14.9649
Initialize mono
Mono path[0] = 'D:/Program Files/2020.3.19f1/Editor/Data/Managed'
Mono path[1] = 'D:/Program Files/2020.3.19f1/Editor/Data/MonoBleedingEdge/lib/mono/unityjit'
Mono config path = 'D:/Program Files/2020.3.19f1/Editor/Data/MonoBleedingEdge/etc'
Using monoOptions --debugger-agent=transport=dt_socket,embedding=1,server=y,suspend=n,address=127.0.0.1:56748
Begin MonoManager ReloadAssembly
Registering precompiled unity dll's ...
Register platform support module: D:/Program Files/2020.3.19f1/Editor/Data/PlaybackEngines/WebGLSupport/UnityEditor.WebGL.Extensions.dll
Register platform support module: D:/Program Files/2020.3.19f1/Editor/Data/PlaybackEngines/WindowsStandaloneSupport/UnityEditor.WindowsStandalone.Extensions.dll
Registered in 0.001512 seconds.
Native extension for WindowsStandalone target not found
Native extension for WebGL target not found
Refreshing native plugins compatible for Editor in 64.62 ms, found 5 plugins.
Preloading 0 native plugins for Editor in 0.00 ms.
Mono: successfully reloaded assembly
- Completed reload, in  2.173 seconds
Domain Reload Profiling:
	ReloadAssembly (2174ms)
		BeginReloadAssembly (61ms)
			ExecutionOrderSort (0ms)
			DisableScriptedObjects (0ms)
			BackupInstance (0ms)
			ReleaseScriptingObjects (0ms)
			CreateAndSetChildDomain (1ms)
		EndReloadAssembly (511ms)
			LoadAssemblies (60ms)
			RebuildTransferFunctionScriptingTraits (0ms)
			SetupTypeCache (179ms)
			ReleaseScriptCaches (0ms)
			RebuildScriptCaches (38ms)
			SetupLoadedEditorAssemblies (213ms)
				LogAssemblyErrors (0ms)
				InitializePlatformSupportModulesInManaged (6ms)
				SetLoadedEditorAssemblies (0ms)
				RefreshPlugins (65ms)
				BeforeProcessingInitializeOnLoad (19ms)
				ProcessInitializeOnLoadAttributes (90ms)
				ProcessInitializeOnLoadMethodAttributes (33ms)
				AfterProcessingInitializeOnLoad (0ms)
				EditorAssembliesLoaded (0ms)
			ExecutionOrderSort2 (0ms)
			AwakeInstancesAfterBackupRestoration (0ms)
Platform modules already initialized, skipping
Registering precompiled user dll's ...
Registered in 0.003634 seconds.
Begin MonoManager ReloadAssembly
Native extension for WindowsStandalone target not found
Native extension for WebGL target not found
Refreshing native plugins compatible for Editor in 68.01 ms, found 5 plugins.
Preloading 0 native plugins for Editor in 0.00 ms.
Mono: successfully reloaded assembly
- Completed reload, in  1.488 seconds
Domain Reload Profiling:
	ReloadAssembly (1489ms)
		BeginReloadAssembly (167ms)
			ExecutionOrderSort (0ms)
			DisableScriptedObjects (5ms)
			BackupInstance (0ms)
			ReleaseScriptingObjects (0ms)
			CreateAndSetChildDomain (21ms)
		EndReloadAssembly (1254ms)
			LoadAssemblies (107ms)
			RebuildTransferFunctionScriptingTraits (0ms)
			SetupTypeCache (376ms)
			ReleaseScriptCaches (1ms)
			RebuildScriptCaches (62ms)
			SetupLoadedEditorAssemblies (562ms)
				LogAssemblyErrors (0ms)
				InitializePlatformSupportModulesInManaged (5ms)
				SetLoadedEditorAssemblies (0ms)
				RefreshPlugins (68ms)
				BeforeProcessingInitializeOnLoad (101ms)
				ProcessInitializeOnLoadAttributes (380ms)
				ProcessInitializeOnLoadMethodAttributes (4ms)
				AfterProcessingInitializeOnLoad (3ms)
				EditorAssembliesLoaded (0ms)
			ExecutionOrderSort2 (0ms)
			AwakeInstancesAfterBackupRestoration (9ms)
Platform modules already initialized, skipping
========================================================================
Worker process is ready to serve import requests
Launched and connected shader compiler UnityShaderCompiler.exe after 0.10 seconds
Refreshing native plugins compatible for Editor in 0.63 ms, found 5 plugins.
Preloading 0 native plugins for Editor in 0.00 ms.
Unloading 2981 Unused Serialized files (Serialized files now loaded: 0)
System memory in use before: 137.4 MB.
System memory in use after: 137.6 MB.

Unloading 26 unused Assets to reduce memory usage. Loaded Objects now: 3415.
Total: 4.894600 ms (FindLiveObjects: 0.418100 ms CreateObjectMapping: 0.232900 ms MarkObjects: 4.105700 ms  DeleteObjects: 0.136500 ms)

AssetImportParameters requested are different than current active one (requested -> active):
  custom:framework-win-MediaFoundation: 216162199b28c13a410421893ffa2e32 -> 
  custom:video-decoder-ogg-theora: a1e56fd34408186e4bbccfd4996cb3dc -> 
  custom:container-muxer-webm: aa71ff27fc2769a1b78a27578f13a17b -> 
  custom:container-demuxer-webm: 4f35f7cbe854078d1ac9338744f61a02 -> 
  custom:container-demuxer-ogg: 62fdf1f143b41e24485cea50d1cbac27 -> 
  custom:video-encoder-webm-vp8: eb34c28f22e8b96e1ab97ce403110664 -> 
  custom:video-decoder-webm-vp8: 9c59270c3fd7afecdb556c50c9e8de78 -> 
  custom:audio-decoder-ogg-vorbis: bf7c407c2cedff20999df2af8eb42d56 -> 
  custom:audio-encoder-webm-vorbis: bf7c407c2cedff20999df2af8eb42d56 -> 
========================================================================
Received Import Request.
  path: Assets/ART/HDR_Free_City_Night_Lights_Env.hdr
  artifactKey: Guid(ca7d19b3ef0c2f04fa7a68f28ac7a83f) Importer(815301076,1909f56bfc062723c751e8b465ee728b)
Start importing Assets/ART/HDR_Free_City_Night_Lights_Env.hdr using Guid(ca7d19b3ef0c2f04fa7a68f28ac7a83f) Importer(815301076,1909f56bfc062723c751e8b465ee728b)  -> (artifact id: 'b0f6946f87a8097f86a41687afc348aa') in 0.129210 seconds 
  Import took 0.147970 seconds .

========================================================================
Received Import Request.
  Time since last request: 26.890425 seconds.
  path: Assets/ART/HDR_Free_City_Night_Lights_Ref.hdr
  artifactKey: Guid(98455f6d48f49204bb8d0ada95472841) Importer(815301076,1909f56bfc062723c751e8b465ee728b)
Start importing Assets/ART/HDR_Free_City_Night_Lights_Ref.hdr using Guid(98455f6d48f49204bb8d0ada95472841) Importer(815301076,1909f56bfc062723c751e8b465ee728b)  -> (artifact id: '08b475835aaffd177683c3adf66afc80') in 0.059763 seconds 
  Import took 0.071236 seconds .

========================================================================
Received Import Request.
  Time since last request: 25.012639 seconds.
  path: Assets/ART/HDR_Free_City_Night_Lights_Ref.hdr
  artifactKey: Guid(98455f6d48f49204bb8d0ada95472841) Importer(815301076,1909f56bfc062723c751e8b465ee728b)
Start importing Assets/ART/HDR_Free_City_Night_Lights_Ref.hdr using Guid(98455f6d48f49204bb8d0ada95472841) Importer(815301076,1909f56bfc062723c751e8b465ee728b)  -> (artifact id: '4ad07a2e1ec9c7652a9028834f5b719a') in 0.079661 seconds 
  Import took 0.088724 seconds .

========================================================================
Received Import Request.
  Time since last request: 129.661681 seconds.
  path: Assets/ART/HDR_041_Path_Env.hdr
  artifactKey: Guid(a34d58c5031224943be857043e451489) Importer(815301076,1909f56bfc062723c751e8b465ee728b)
Start importing Assets/ART/HDR_041_Path_Env.hdr using Guid(a34d58c5031224943be857043e451489) Importer(815301076,1909f56bfc062723c751e8b465ee728b)  -> (artifact id: '11c5563b369c65a63700a134128f88cc') in 0.016012 seconds 
  Import took 0.039173 seconds .

========================================================================
Received Import Request.
  Time since last request: 6.849038 seconds.
  path: Assets/ART/HDR_041_Path_Env.hdr
  artifactKey: Guid(a34d58c5031224943be857043e451489) Importer(815301076,1909f56bfc062723c751e8b465ee728b)
Start importing Assets/ART/HDR_041_Path_Env.hdr using Guid(a34d58c5031224943be857043e451489) Importer(815301076,1909f56bfc062723c751e8b465ee728b)  -> (artifact id: 'c540fa95d88c50390d8c1be0f39269af') in 0.023342 seconds 
  Import took 0.029735 seconds .

========================================================================
Received Import Request.
  Time since last request: 58.028146 seconds.
  path: Assets/ART/HDR_110_Tunnel_Env.hdr
  artifactKey: Guid(e60ec316a7388ce45ac68226324701dd) Importer(815301076,1909f56bfc062723c751e8b465ee728b)
Start importing Assets/ART/HDR_110_Tunnel_Env.hdr using Guid(e60ec316a7388ce45ac68226324701dd) Importer(815301076,1909f56bfc062723c751e8b465ee728b)  -> (artifact id: '32e590e55b505baa448b919fc8ed96f4') in 0.016435 seconds 
  Import took 0.026375 seconds .

========================================================================
Received Import Request.
  Time since last request: 5.032501 seconds.
  path: Assets/ART/HDR_110_Tunnel_Env.hdr
  artifactKey: Guid(e60ec316a7388ce45ac68226324701dd) Importer(815301076,1909f56bfc062723c751e8b465ee728b)
Start importing Assets/ART/HDR_110_Tunnel_Env.hdr using Guid(e60ec316a7388ce45ac68226324701dd) Importer(815301076,1909f56bfc062723c751e8b465ee728b)  -> (artifact id: '10ac54258cd15b6faff5f26effc0d9a1') in 0.019582 seconds 
  Import took 0.026572 seconds .

AssetImportWorkerClient::OnTransportError - code=2 error=End of file
